2025-06-16 16:21:39,478 DEBUG Horse:35 - Создание Horse, имя [Bucephalus], скорость [2.4]
2025-06-16 16:21:39,490 DEBUG Horse:35 - Создание Horse, имя [Ace of Spades], скорость [2.5]
2025-06-16 16:21:39,491 DEBUG Horse:35 - Создание Horse, имя [Zephyr], скорость [2.6]
2025-06-16 16:21:39,493 DEBUG Horse:35 - Создание Horse, имя [Blaze], скорость [2.7]
2025-06-16 16:21:39,494 DEBUG Horse:35 - Создание Horse, имя [Lobster], скорость [2.8]
2025-06-16 16:21:39,494 DEBUG Horse:35 - Создание Horse, имя [Pegasus], скорость [2.9]
2025-06-16 16:21:39,496 DEBUG Horse:35 - Создание Horse, имя [Cherry], скорость [3.0]
2025-06-16 16:21:39,497 DEBUG Hippodrome:26 - Создание Hippodrome, лошадей [7]
2025-06-16 16:21:39,498 INFO  Main:23 - Начало скачек. Количество участников: 7
2025-06-16 16:22:00,122 INFO  Main:33 - Окончание скачек. Победитель: Cherry
2025-06-16 16:27:28,486 DEBUG Horse:35 - Создание Horse, имя [Bucephalus], скорость [2.4]
2025-06-16 16:27:28,493 DEBUG Horse:35 - Создание Horse, имя [Ace of Spades], скорость [2.5]
2025-06-16 16:27:28,494 DEBUG Horse:35 - Создание Horse, имя [Zephyr], скорость [2.6]
2025-06-16 16:27:28,495 DEBUG Horse:35 - Создание Horse, имя [Blaze], скорость [2.7]
2025-06-16 16:27:28,496 DEBUG Horse:35 - Создание Horse, имя [Lobster], скорость [2.8]
2025-06-16 16:27:28,496 DEBUG Horse:35 - Создание Horse, имя [Pegasus], скорость [2.9]
2025-06-16 16:27:28,497 DEBUG Horse:35 - Создание Horse, имя [Cherry], скорость [3.0]
2025-06-16 16:27:28,498 DEBUG Hippodrome:26 - Создание Hippodrome, лошадей [7]
2025-06-16 16:27:28,499 INFO  Main:23 - Начало скачек. Количество участников: 7
2025-06-16 16:27:49,143 INFO  Main:33 - Окончание скачек. Победитель: Pegasus
